2023-01-26 18:33:02.936  INFO 15764 --- [com.arkadiusgru.cls.ClsApplication.main()] com.arkadiusgru.cls.ClsApplication       : Starting ClsApplication using Java 17.0.5 on STORM936 with PID 15764 (E:\new-projects-2022-2023\crew-logistic-system\backend\target\classes started by Arek in E:\new-projects-2022-2023\crew-logistic-system\backend)
2023-01-26 18:33:02.950  INFO 15764 --- [com.arkadiusgru.cls.ClsApplication.main()] com.arkadiusgru.cls.ClsApplication       : No active profile set, falling back to 1 default profile: "default"
2023-01-26 18:33:03.054  INFO 15764 --- [com.arkadiusgru.cls.ClsApplication.main()] .e.DevToolsPropertyDefaultsPostProcessor : For additional web related logging consider setting the 'logging.level.web' property to 'DEBUG'
2023-01-26 18:33:04.045  INFO 15764 --- [com.arkadiusgru.cls.ClsApplication.main()] .s.d.r.c.RepositoryConfigurationDelegate : Bootstrapping Spring Data JPA repositories in DEFAULT mode.
2023-01-26 18:33:04.135  INFO 15764 --- [com.arkadiusgru.cls.ClsApplication.main()] .s.d.r.c.RepositoryConfigurationDelegate : Finished Spring Data repository scanning in 72 ms. Found 2 JPA repository interfaces.
2023-01-26 18:33:05.147  INFO 15764 --- [com.arkadiusgru.cls.ClsApplication.main()] o.s.b.w.embedded.tomcat.TomcatWebServer  : Tomcat initialized with port(s): 8080 (http)
2023-01-26 18:33:05.162  INFO 15764 --- [com.arkadiusgru.cls.ClsApplication.main()] o.apache.catalina.core.StandardService   : Starting service [Tomcat]
2023-01-26 18:33:05.163  INFO 15764 --- [com.arkadiusgru.cls.ClsApplication.main()] org.apache.catalina.core.StandardEngine  : Starting Servlet engine: [Apache Tomcat/9.0.68]
2023-01-26 18:33:05.257  INFO 15764 --- [com.arkadiusgru.cls.ClsApplication.main()] o.a.c.c.C.[Tomcat].[localhost].[/]       : Initializing Spring embedded WebApplicationContext
2023-01-26 18:33:05.257  INFO 15764 --- [com.arkadiusgru.cls.ClsApplication.main()] w.s.c.ServletWebServerApplicationContext : Root WebApplicationContext: initialization completed in 2203 ms
2023-01-26 18:33:05.935  INFO 15764 --- [com.arkadiusgru.cls.ClsApplication.main()] o.hibernate.jpa.internal.util.LogHelper  : HHH000204: Processing PersistenceUnitInfo [name: default]
2023-01-26 18:33:06.121  INFO 15764 --- [com.arkadiusgru.cls.ClsApplication.main()] org.hibernate.Version                    : HHH000412: Hibernate ORM core version 5.6.12.Final
2023-01-26 18:33:06.464  INFO 15764 --- [com.arkadiusgru.cls.ClsApplication.main()] o.hibernate.annotations.common.Version   : HCANN000001: Hibernate Commons Annotations {5.1.2.Final}
2023-01-26 18:33:06.600  INFO 15764 --- [com.arkadiusgru.cls.ClsApplication.main()] com.zaxxer.hikari.HikariDataSource       : HikariPool-1 - Starting...
2023-01-26 18:33:06.798  INFO 15764 --- [com.arkadiusgru.cls.ClsApplication.main()] com.zaxxer.hikari.HikariDataSource       : HikariPool-1 - Start completed.
2023-01-26 18:33:06.827  INFO 15764 --- [com.arkadiusgru.cls.ClsApplication.main()] org.hibernate.dialect.Dialect            : HHH000400: Using dialect: org.hibernate.dialect.MySQL55Dialect
2023-01-26 18:33:07.815  INFO 15764 --- [com.arkadiusgru.cls.ClsApplication.main()] o.h.e.t.j.p.i.JtaPlatformInitiator       : HHH000490: Using JtaPlatform implementation: [org.hibernate.engine.transaction.jta.platform.internal.NoJtaPlatform]
2023-01-26 18:33:07.825  INFO 15764 --- [com.arkadiusgru.cls.ClsApplication.main()] j.LocalContainerEntityManagerFactoryBean : Initialized JPA EntityManagerFactory for persistence unit 'default'
2023-01-26 18:33:09.058  INFO 15764 --- [com.arkadiusgru.cls.ClsApplication.main()] o.s.s.web.DefaultSecurityFilterChain     : Will secure any request with [org.springframework.security.web.session.DisableEncodeUrlFilter@61e0c112, org.springframework.security.web.context.request.async.WebAsyncManagerIntegrationFilter@186cdfe9, org.springframework.security.web.context.SecurityContextPersistenceFilter@6cce4f8f, org.springframework.security.web.header.HeaderWriterFilter@4d2853b5, org.springframework.security.web.authentication.logout.LogoutFilter@2d52134d, com.arkadiusgru.cls.security.config.JwtFilter@2754a054, org.springframework.security.web.savedrequest.RequestCacheAwareFilter@e30572, org.springframework.security.web.servletapi.SecurityContextHolderAwareRequestFilter@7c67b18b, org.springframework.security.web.authentication.AnonymousAuthenticationFilter@3d357d1d, org.springframework.security.web.session.SessionManagementFilter@ff3b90d, org.springframework.security.web.access.ExceptionTranslationFilter@46e86fc4, org.springframework.security.web.access.intercept.FilterSecurityInterceptor@56655b7f]
2023-01-26 18:33:09.156  WARN 15764 --- [com.arkadiusgru.cls.ClsApplication.main()] JpaBaseConfiguration$JpaWebConfiguration : spring.jpa.open-in-view is enabled by default. Therefore, database queries may be performed during view rendering. Explicitly configure spring.jpa.open-in-view to disable this warning
2023-01-26 18:33:09.819  INFO 15764 --- [com.arkadiusgru.cls.ClsApplication.main()] o.s.b.a.e.web.EndpointLinksResolver      : Exposing 1 endpoint(s) beneath base path '/actuator'
2023-01-26 18:33:09.908  INFO 15764 --- [com.arkadiusgru.cls.ClsApplication.main()] o.s.b.w.embedded.tomcat.TomcatWebServer  : Tomcat started on port(s): 8080 (http) with context path ''
2023-01-26 18:33:09.929  INFO 15764 --- [com.arkadiusgru.cls.ClsApplication.main()] com.arkadiusgru.cls.ClsApplication       : Started ClsApplication in 7.598 seconds (JVM running for 17.079)
2023-01-26 18:33:19.235  INFO 15764 --- [http-nio-8080-exec-1] o.a.c.c.C.[Tomcat].[localhost].[/]       : Initializing Spring DispatcherServlet 'dispatcherServlet'
2023-01-26 18:33:19.235  INFO 15764 --- [http-nio-8080-exec-1] o.s.web.servlet.DispatcherServlet        : Initializing Servlet 'dispatcherServlet'
2023-01-26 18:33:19.248  INFO 15764 --- [http-nio-8080-exec-1] o.s.web.servlet.DispatcherServlet        : Completed initialization in 13 ms
